# JRE version: OpenJDK Runtime Environment (11.0.13) (build 11.0.13+0-b1751.21-8125866)
# Java VM: OpenJDK 64-Bit Server VM (11.0.13+0-b1751.21-8125866, mixed mode, tiered, compressed oops, g1 gc, windows-amd64)
Heap:
 garbage-first heap   total 500736K, used 333551K [0x0000000080000000, 0x0000000100000000)
  region size 1024K, 129 young (132096K), 10 survivors (10240K)
 Metaspace       used 117121K, capacity 120160K, committed 120284K, reserved 1155072K
  class space    used 14454K, capacity 15646K, committed 15744K, reserved 1048576K
GC Heap History (20 events):
Event: 56.276 GC heap before
{Heap before GC invocations=63 (full 0):
 garbage-first heap   total 395264K, used 347982K [0x0000000080000000, 0x0000000100000000)
  region size 1024K, 201 young (205824K), 7 survivors (7168K)
 Metaspace       used 116570K, capacity 119498K, committed 119644K, reserved 1153024K
  class space    used 14414K, capacity 15598K, committed 15616K, reserved 1048576K
}
Event: 56.298 GC heap after
{Heap after GC invocations=64 (full 0):
 garbage-first heap   total 395264K, used 150052K [0x0000000080000000, 0x0000000100000000)
  region size 1024K, 8 young (8192K), 8 survivors (8192K)
 Metaspace       used 116570K, capacity 119498K, committed 119644K, reserved 1153024K
  class space    used 14414K, capacity 15598K, committed 15616K, reserved 1048576K
}
Event: 57.874 GC heap before
{Heap before GC invocations=64 (full 0):
 garbage-first heap   total 395264K, used 347684K [0x0000000080000000, 0x0000000100000000)
  region size 1024K, 199 young (203776K), 8 survivors (8192K)
 Metaspace       used 116811K, capacity 119770K, committed 119900K, reserved 1153024K
  class space    used 14420K, capacity 15608K, committed 15616K, reserved 1048576K
}
Event: 57.898 GC heap after
{Heap after GC invocations=65 (full 0):
 garbage-first heap   total 395264K, used 149218K [0x0000000080000000, 0x0000000100000000)
  region size 1024K, 7 young (7168K), 7 survivors (7168K)
 Metaspace       used 116811K, capacity 119770K, committed 119900K, reserved 1153024K
  class space    used 14420K, capacity 15608K, committed 15616K, reserved 1048576K
}
Event: 59.262 GC heap before
{Heap before GC invocations=65 (full 0):
 garbage-first heap   total 395264K, used 345826K [0x0000000080000000, 0x0000000100000000)
  region size 1024K, 200 young (204800K), 7 survivors (7168K)
 Metaspace       used 116899K, capacity 119841K, committed 120028K, reserved 1153024K
  class space    used 14435K, capacity 15632K, committed 15744K, reserved 1048576K
}
Event: 59.286 GC heap after
{Heap after GC invocations=66 (full 0):
 garbage-first heap   total 395264K, used 151036K [0x0000000080000000, 0x0000000100000000)
  region size 1024K, 8 young (8192K), 8 survivors (8192K)
 Metaspace       used 116899K, capacity 119841K, committed 120028K, reserved 1153024K
  class space    used 14435K, capacity 15632K, committed 15744K, reserved 1048576K
}
Event: 60.611 GC heap before
{Heap before GC invocations=66 (full 0):
 garbage-first heap   total 395264K, used 348668K [0x0000000080000000, 0x0000000100000000)
  region size 1024K, 199 young (203776K), 8 survivors (8192K)
 Metaspace       used 116974K, capacity 119934K, committed 120284K, reserved 1155072K
  class space    used 14439K, capacity 15639K, committed 15744K, reserved 1048576K
}
Event: 60.633 GC heap after
{Heap after GC invocations=67 (full 0):
 garbage-first heap   total 395264K, used 148106K [0x0000000080000000, 0x0000000100000000)
  region size 1024K, 5 young (5120K), 5 survivors (5120K)
 Metaspace       used 116974K, capacity 119934K, committed 120284K, reserved 1155072K
  class space    used 14439K, capacity 15639K, committed 15744K, reserved 1048576K
}
Event: 61.693 GC heap before
{Heap before GC invocations=67 (full 0):
 garbage-first heap   total 395264K, used 347786K [0x0000000080000000, 0x0000000100000000)
  region size 1024K, 199 young (203776K), 5 survivors (5120K)
 Metaspace       used 117026K, capacity 120014K, committed 120284K, reserved 1155072K
  class space    used 14446K, capacity 15642K, committed 15744K, reserved 1048576K
}
Event: 61.749 GC heap after
{Heap after GC invocations=68 (full 0):
 garbage-first heap   total 395264K, used 178799K [0x0000000080000000, 0x0000000100000000)
  region size 1024K, 25 young (25600K), 25 survivors (25600K)
 Metaspace       used 117026K, capacity 120014K, committed 120284K, reserved 1155072K
  class space    used 14446K, capacity 15642K, committed 15744K, reserved 1048576K
}
Event: 62.348 GC heap before
{Heap before GC invocations=68 (full 0):
 garbage-first heap   total 395264K, used 324207K [0x0000000080000000, 0x0000000100000000)
  region size 1024K, 168 young (172032K), 25 survivors (25600K)
 Metaspace       used 117063K, capacity 120015K, committed 120284K, reserved 1155072K
  class space    used 14451K, capacity 15642K, committed 15744K, reserved 1048576K
}
Event: 62.448 GC heap after
{Heap after GC invocations=69 (full 0):
 garbage-first heap   total 395264K, used 193219K [0x0000000080000000, 0x0000000100000000)
  region size 1024K, 21 young (21504K), 21 survivors (21504K)
 Metaspace       used 117063K, capacity 120015K, committed 120284K, reserved 1155072K
  class space    used 14451K, capacity 15642K, committed 15744K, reserved 1048576K
}
Event: 63.101 GC heap before
{Heap before GC invocations=69 (full 0):
 garbage-first heap   total 395264K, used 320195K [0x0000000080000000, 0x0000000100000000)
  region size 1024K, 146 young (149504K), 21 survivors (21504K)
 Metaspace       used 117071K, capacity 120016K, committed 120284K, reserved 1155072K
  class space    used 14452K, capacity 15642K, committed 15744K, reserved 1048576K
}
Event: 63.168 GC heap after
{Heap after GC invocations=70 (full 0):
 garbage-first heap   total 500736K, used 205312K [0x0000000080000000, 0x0000000100000000)
  region size 1024K, 12 young (12288K), 12 survivors (12288K)
 Metaspace       used 117071K, capacity 120016K, committed 120284K, reserved 1155072K
  class space    used 14452K, capacity 15642K, committed 15744K, reserved 1048576K
}
Event: 64.227 GC heap before
{Heap before GC invocations=70 (full 0):
 garbage-first heap   total 500736K, used 370176K [0x0000000080000000, 0x0000000100000000)
  region size 1024K, 173 young (177152K), 12 survivors (12288K)
 Metaspace       used 117087K, capacity 120084K, committed 120284K, reserved 1155072K
  class space    used 14453K, capacity 15643K, committed 15744K, reserved 1048576K
}
Event: 64.262 GC heap after
{Heap after GC invocations=71 (full 0):
 garbage-first heap   total 500736K, used 210944K [0x0000000080000000, 0x0000000100000000)
  region size 1024K, 17 young (17408K), 17 survivors (17408K)
 Metaspace       used 117087K, capacity 120084K, committed 120284K, reserved 1155072K
  class space    used 14453K, capacity 15643K, committed 15744K, reserved 1048576K
}
Event: 65.344 GC heap before
{Heap before GC invocations=71 (full 0):
 garbage-first heap   total 500736K, used 378880K [0x0000000080000000, 0x0000000100000000)
  region size 1024K, 182 young (186368K), 17 survivors (17408K)
 Metaspace       used 117099K, capacity 120093K, committed 120284K, reserved 1155072K
  class space    used 14454K, capacity 15646K, committed 15744K, reserved 1048576K
}
Event: 65.380 GC heap after
{Heap after GC invocations=72 (full 0):
 garbage-first heap   total 500736K, used 213743K [0x0000000080000000, 0x0000000100000000)
  region size 1024K, 10 young (10240K), 10 survivors (10240K)
 Metaspace       used 117099K, capacity 120093K, committed 120284K, reserved 1155072K
  class space    used 14454K, capacity 15646K, committed 15744K, reserved 1048576K
}
Event: 66.390 GC heap before
{Heap before GC invocations=72 (full 0):
 garbage-first heap   total 500736K, used 385775K [0x0000000080000000, 0x0000000100000000)
  region size 1024K, 179 young (183296K), 10 survivors (10240K)
 Metaspace       used 117105K, capacity 120157K, committed 120284K, reserved 1155072K
  class space    used 14454K, capacity 15646K, committed 15744K, reserved 1048576K
}
Event: 66.409 GC heap after
{Heap after GC invocations=73 (full 0):
 garbage-first heap   total 500736K, used 213743K [0x0000000080000000, 0x0000000100000000)
  region size 1024K, 10 young (10240K), 10 survivors (10240K)
 Metaspace       used 117105K, capacity 120157K, committed 120284K, reserved 1155072K
  class space    used 14454K, capacity 15646K, committed 15744K, reserved 1048576K
}

